#
# There is insufficient memory for the Java Runtime Environment to continue.
# Native memory allocation (malloc) failed to allocate 519472 bytes for Chunk::new
# Possible reasons:
#   The system is out of physical RAM or swap space
#   In 32 bit mode, the process size limit was hit
# Possible solutions:
#   Reduce memory load on the system
#   Increase physical memory or swap space
#   Check if swap backing store is full
#   Use 64 bit Java on a 64 bit OS
#   Decrease Java heap size (-Xmx/-Xms)
#   Decrease number of Java threads
#   Decrease Java thread stack sizes (-Xss)
#   Set larger code cache with -XX:ReservedCodeCacheSize=
# This output file may be truncated or incomplete.
#
#  Out of Memory Error (allocation.cpp:390), pid=13284, tid=0x0000000000001444
#
# JRE version: OpenJDK Runtime Environment (8.0_152-b01) (build 1.8.0_152-release-915-b01)
# Java VM: OpenJDK 64-Bit Server VM (25.152-b01 mixed mode windows-amd64 compressed oops)
# Failed to write core dump. Minidumps are not enabled by default on client versions of Windows
#

---------------  T H R E A D  ---------------

Current thread (0x0000000018ded800):  JavaThread "C2 CompilerThread1" daemon [_thread_in_native, id=5188, stack(0x000000001a7e0000,0x000000001a8e0000)]

Stack: [0x000000001a7e0000,0x000000001a8e0000]
[error occurred during error reporting (printing stack bounds), id 0xc0000005]

Native frames: (J=compiled Java code, j=interpreted, Vv=VM code, C=native code)


Current CompileTask:
C2:   4633 1563       4       java.net.URLClassLoader$1::run (5 bytes)


---------------  P R O C E S S  ---------------

Java Threads: ( => current thread )
  0x000000001adfe000 JavaThread "RMI RenewClean-[localhost:50317,org.jetbrains.kotlin.daemon.common.LoopbackNetworkInterface$ClientLoopbackSocketFactory@784e4250]" daemon [_thread_blocked, id=12260, stack(0x000000001c1f0000,0x000000001c2f0000)]
  0x000000001ae46000 JavaThread "RMI TCP Connection(2)-127.0.0.1" daemon [_thread_in_native, id=13008, stack(0x000000001c0f0000,0x000000001c1f0000)]
  0x000000001ae5f000 JavaThread "RMI Scheduler(0)" daemon [_thread_blocked, id=6972, stack(0x000000001bff0000,0x000000001c0f0000)]
  0x000000001ae5e000 JavaThread "RMI TCP Connection(1)-127.0.0.1" daemon [_thread_in_native, id=5768, stack(0x000000001bef0000,0x000000001bff0000)]
  0x0000000005242800 JavaThread "DestroyJavaVM" [_thread_blocked, id=14488, stack(0x0000000004d80000,0x0000000004e80000)]
  0x000000001adce800 JavaThread "GC Daemon" daemon [_thread_blocked, id=5428, stack(0x000000001bae0000,0x000000001bbe0000)]
  0x000000001adc4800 JavaThread "RMI Reaper" [_thread_blocked, id=5216, stack(0x000000001b9e0000,0x000000001bae0000)]
  0x000000001adb4800 JavaThread "Timer-0" daemon [_thread_blocked, id=8632, stack(0x000000001b5e0000,0x000000001b6e0000)]
  0x000000001ad57800 JavaThread "RMI TCP Accept-17597" daemon [_thread_in_native, id=9956, stack(0x000000001b4e0000,0x000000001b5e0000)]
  0x000000001a13f800 JavaThread "Service Thread" daemon [_thread_blocked, id=10872, stack(0x000000001a9e0000,0x000000001aae0000)]
  0x000000001a138000 JavaThread "C1 CompilerThread2" daemon [_thread_blocked, id=348, stack(0x000000001a8e0000,0x000000001a9e0000)]
=>0x0000000018ded800 JavaThread "C2 CompilerThread1" daemon [_thread_in_native, id=5188, stack(0x000000001a7e0000,0x000000001a8e0000)]
  0x0000000018de9800 JavaThread "C2 CompilerThread0" daemon [_thread_in_native, id=6448, stack(0x000000001a6e0000,0x000000001a7e0000)]
  0x000000001a0e8800 JavaThread "Attach Listener" daemon [_thread_blocked, id=8488, stack(0x000000001a5e0000,0x000000001a6e0000)]
  0x0000000018d9e800 JavaThread "Signal Dispatcher" daemon [_thread_blocked, id=10720, stack(0x000000001a4e0000,0x000000001a5e0000)]
  0x000000000533c800 JavaThread "Finalizer" daemon [_thread_blocked, id=13084, stack(0x0000000019fe0000,0x000000001a0e0000)]
  0x0000000005331800 JavaThread "Reference Handler" daemon [_thread_blocked, id=9024, stack(0x0000000019ee0000,0x0000000019fe0000)]

Other Threads:
  0x0000000018d56800 VMThread [stack: 0x0000000019de0000,0x0000000019ee0000] [id=7268]
  0x000000001a140000 WatcherThread [stack: 0x000000001aae0000,0x000000001abe0000] [id=9972]

VM state:not at safepoint (normal execution)

VM Mutex/Monitor currently owned by a thread: None

Heap:
 PSYoungGen      total 38400K, used 18767K [0x00000000e0000000, 0x00000000e4b00000, 0x0000000100000000)
  eden space 33280K, 56% used [0x00000000e0000000,0x00000000e1253fa8,0x00000000e2080000)
  from space 5120K, 0% used [0x00000000e2080000,0x00000000e2080000,0x00000000e2580000)
  to   space 5120K, 0% used [0x00000000e4600000,0x00000000e4600000,0x00000000e4b00000)
 ParOldGen       total 66048K, used 10087K [0x00000000a0000000, 0x00000000a4080000, 0x00000000e0000000)
  object space 66048K, 15% used [0x00000000a0000000,0x00000000a09d9db8,0x00000000a4080000)
 Metaspace       used 24622K, capacity 25138K, committed 25344K, reserved 1071104K
  class space    used 3174K, capacity 3323K, committed 3328K, reserved 1048576K

Card table byte_map: [0x00000000147e0000,0x0000000014af0000] byte_map_base: 0x00000000142e0000

Marking Bits: (ParMarkBitMap*) 0x0000000055363950
 Begin Bits: [0x00000000150f0000, 0x00000000168f0000)
 End Bits:   [0x00000000168f0000, 0x00000000180f0000)

Polling page: 0x0000000004e80000

CodeCache: size=245760Kb used=4943Kb max_used=4943Kb free=240816Kb
 bounds [0x0000000005420000, 0x0000000005900000, 0x0000000014420000]
 total_blobs=2042 nmethods=1607 adapters=348
 compilation: enabled

Compilation events (10 events):
Event: 4.533 Thread 0x000000001a138000 nmethod 1603 0x00000000058f3910 code [0x00000000058f3a60, 0x00000000058f3c10]
Event: 4.540 Thread 0x000000001a138000 1604       3       org.jetbrains.kotlin.com.intellij.util.containers.ConcurrentHashMap::get (181 bytes)
Event: 4.541 Thread 0x0000000018de9800 1606 %     4       java.io.WinNTFileSystem::normalize @ 22 (143 bytes)
Event: 4.542 Thread 0x000000001a138000 nmethod 1604 0x00000000058f4a50 code [0x00000000058f4d40, 0x00000000058f6518]
Event: 4.542 Thread 0x000000001a138000 1605       3       org.jetbrains.kotlin.gnu.trove.THashMap::get (21 bytes)
Event: 4.542 Thread 0x000000001a138000 nmethod 1605 0x00000000058f33d0 code [0x00000000058f3540, 0x00000000058f37e8]
Event: 4.569 Thread 0x000000001a138000 1608       3       java.lang.String::compareTo (78 bytes)
Event: 4.570 Thread 0x000000001a138000 nmethod 1608 0x00000000058f2910 code [0x00000000058f2a80, 0x00000000058f2dd0]
Event: 4.608 Thread 0x000000001a138000 1610       3       java.util.regex.Pattern$TreeInfo::reset (21 bytes)
Event: 4.608 Thread 0x000000001a138000 nmethod 1610 0x00000000058f25d0 code [0x00000000058f2720, 0x00000000058f2890]

GC Heap History (10 events):
Event: 0.817 GC heap before
{Heap before GC invocations=1 (full 0):
 PSYoungGen      total 38400K, used 13750K [0x00000000e0000000, 0x00000000e2a80000, 0x0000000100000000)
  eden space 33280K, 41% used [0x00000000e0000000,0x00000000e0d6da88,0x00000000e2080000)
  from space 5120K, 0% used [0x00000000e2580000,0x00000000e2580000,0x00000000e2a80000)
  to   space 5120K, 0% used [0x00000000e2080000,0x00000000e2080000,0x00000000e2580000)
 ParOldGen       total 87552K, used 0K [0x00000000a0000000, 0x00000000a5580000, 0x00000000e0000000)
  object space 87552K, 0% used [0x00000000a0000000,0x00000000a0000000,0x00000000a5580000)
 Metaspace       used 9176K, capacity 9414K, committed 9600K, reserved 1058816K
  class space    used 976K, capacity 1055K, committed 1152K, reserved 1048576K
Event: 0.822 GC heap after
Heap after GC invocations=1 (full 0):
 PSYoungGen      total 38400K, used 3314K [0x00000000e0000000, 0x00000000e2a80000, 0x0000000100000000)
  eden space 33280K, 0% used [0x00000000e0000000,0x00000000e0000000,0x00000000e2080000)
  from space 5120K, 64% used [0x00000000e2080000,0x00000000e23bcba8,0x00000000e2580000)
  to   space 5120K, 0% used [0x00000000e2580000,0x00000000e2580000,0x00000000e2a80000)
 ParOldGen       total 87552K, used 8K [0x00000000a0000000, 0x00000000a5580000, 0x00000000e0000000)
  object space 87552K, 0% used [0x00000000a0000000,0x00000000a0002000,0x00000000a5580000)
 Metaspace       used 9176K, capacity 9414K, committed 9600K, reserved 1058816K
  class space    used 976K, capacity 1055K, committed 1152K, reserved 1048576K
}
Event: 0.822 GC heap before
{Heap before GC invocations=2 (full 1):
 PSYoungGen      total 38400K, used 3314K [0x00000000e0000000, 0x00000000e2a80000, 0x0000000100000000)
  eden space 33280K, 0% used [0x00000000e0000000,0x00000000e0000000,0x00000000e2080000)
  from space 5120K, 64% used [0x00000000e2080000,0x00000000e23bcba8,0x00000000e2580000)
  to   space 5120K, 0% used [0x00000000e2580000,0x00000000e2580000,0x00000000e2a80000)
 ParOldGen       total 87552K, used 8K [0x00000000a0000000, 0x00000000a5580000, 0x00000000e0000000)
  object space 87552K, 0% used [0x00000000a0000000,0x00000000a0002000,0x00000000a5580000)
 Metaspace       used 9176K, capacity 9414K, committed 9600K, reserved 1058816K
  class space    used 976K, capacity 1055K, committed 1152K, reserved 1048576K
Event: 0.845 GC heap after
Heap after GC invocations=2 (full 1):
 PSYoungGen      total 38400K, used 0K [0x00000000e0000000, 0x00000000e2a80000, 0x0000000100000000)
  eden space 33280K, 0% used [0x00000000e0000000,0x00000000e0000000,0x00000000e2080000)
  from space 5120K, 0% used [0x00000000e2080000,0x00000000e2080000,0x00000000e2580000)
  to   space 5120K, 0% used [0x00000000e2580000,0x00000000e2580000,0x00000000e2a80000)
 ParOldGen       total 87552K, used 3105K [0x00000000a0000000, 0x00000000a5580000, 0x00000000e0000000)
  object space 87552K, 3% used [0x00000000a0000000,0x00000000a0308770,0x00000000a5580000)
 Metaspace       used 9176K, capacity 9414K, committed 9600K, reserved 1058816K
  class space    used 976K, capacity 1055K, committed 1152K, reserved 1048576K
}
Event: 2.613 GC heap before
{Heap before GC invocations=3 (full 1):
 PSYoungGen      total 38400K, used 33280K [0x00000000e0000000, 0x00000000e2a80000, 0x0000000100000000)
  eden space 33280K, 100% used [0x00000000e0000000,0x00000000e2080000,0x00000000e2080000)
  from space 5120K, 0% used [0x00000000e2080000,0x00000000e2080000,0x00000000e2580000)
  to   space 5120K, 0% used [0x00000000e2580000,0x00000000e2580000,0x00000000e2a80000)
 ParOldGen       total 87552K, used 3105K [0x00000000a0000000, 0x00000000a5580000, 0x00000000e0000000)
  object space 87552K, 3% used [0x00000000a0000000,0x00000000a0308770,0x00000000a5580000)
 Metaspace       used 15628K, capacity 15886K, committed 16128K, reserved 1062912K
  class space    used 1839K, capacity 1923K, committed 2048K, reserved 1048576K
Event: 2.632 GC heap after
Heap after GC invocations=3 (full 1):
 PSYoungGen      total 38400K, used 5096K [0x00000000e0000000, 0x00000000e2a80000, 0x0000000100000000)
  eden space 33280K, 0% used [0x00000000e0000000,0x00000000e0000000,0x00000000e2080000)
  from space 5120K, 99% used [0x00000000e2580000,0x00000000e2a7a150,0x00000000e2a80000)
  to   space 5120K, 0% used [0x00000000e2080000,0x00000000e2080000,0x00000000e2580000)
 ParOldGen       total 87552K, used 6112K [0x00000000a0000000, 0x00000000a5580000, 0x00000000e0000000)
  object space 87552K, 6% used [0x00000000a0000000,0x00000000a05f8340,0x00000000a5580000)
 Metaspace       used 15628K, capacity 15886K, committed 16128K, reserved 1062912K
  class space    used 1839K, capacity 1923K, committed 2048K, reserved 1048576K
}
Event: 3.757 GC heap before
{Heap before GC invocations=4 (full 1):
 PSYoungGen      total 38400K, used 29205K [0x00000000e0000000, 0x00000000e2a80000, 0x0000000100000000)
  eden space 33280K, 72% used [0x00000000e0000000,0x00000000e178b378,0x00000000e2080000)
  from space 5120K, 99% used [0x00000000e2580000,0x00000000e2a7a150,0x00000000e2a80000)
  to   space 5120K, 0% used [0x00000000e2080000,0x00000000e2080000,0x00000000e2580000)
 ParOldGen       total 87552K, used 6112K [0x00000000a0000000, 0x00000000a5580000, 0x00000000e0000000)
  object space 87552K, 6% used [0x00000000a0000000,0x00000000a05f8340,0x00000000a5580000)
 Metaspace       used 20708K, capacity 21050K, committed 21296K, reserved 1069056K
  class space    used 2538K, capacity 2621K, committed 2688K, reserved 1048576K
Event: 3.771 GC heap after
Heap after GC invocations=4 (full 1):
 PSYoungGen      total 38400K, used 5119K [0x00000000e0000000, 0x00000000e4b00000, 0x0000000100000000)
  eden space 33280K, 0% used [0x00000000e0000000,0x00000000e0000000,0x00000000e2080000)
  from space 5120K, 99% used [0x00000000e2080000,0x00000000e257fc38,0x00000000e2580000)
  to   space 5120K, 0% used [0x00000000e4600000,0x00000000e4600000,0x00000000e4b00000)
 ParOldGen       total 87552K, used 9830K [0x00000000a0000000, 0x00000000a5580000, 0x00000000e0000000)
  object space 87552K, 11% used [0x00000000a0000000,0x00000000a0999868,0x00000000a5580000)
 Metaspace       used 20708K, capacity 21050K, committed 21296K, reserved 1069056K
  class space    used 2538K, capacity 2621K, committed 2688K, reserved 1048576K
}
Event: 3.771 GC heap before
{Heap before GC invocations=5 (full 2):
 PSYoungGen      total 38400K, used 5119K [0x00000000e0000000, 0x00000000e4b00000, 0x0000000100000000)
  eden space 33280K, 0% used [0x00000000e0000000,0x00000000e0000000,0x00000000e2080000)
  from space 5120K, 99% used [0x00000000e2080000,0x00000000e257fc38,0x00000000e2580000)
  to   space 5120K, 0% used [0x00000000e4600000,0x00000000e4600000,0x00000000e4b00000)
 ParOldGen       total 87552K, used 9830K [0x00000000a0000000, 0x00000000a5580000, 0x00000000e0000000)
  object space 87552K, 11% used [0x00000000a0000000,0x00000000a0999868,0x00000000a5580000)
 Metaspace       used 20708K, capacity 21050K, committed 21296K, reserved 1069056K
  class space    used 2538K, capacity 2621K, committed 2688K, reserved 1048576K
Event: 3.807 GC heap after
Heap after GC invocations=5 (full 2):
 PSYoungGen      total 38400K, used 0K [0x00000000e0000000, 0x00000000e4b00000, 0x0000000100000000)
  eden space 33280K, 0% used [0x00000000e0000000,0x00000000e0000000,0x00000000e2080000)
  from space 5120K, 0% used [0x00000000e2080000,0x00000000e2080000,0x00000000e2580000)
  to   space 5120K, 0% used [0x00000000e4600000,0x00000000e4600000,0x00000000e4b00000)
 ParOldGen       total 66048K, used 10087K [0x00000000a0000000, 0x00000000a4080000, 0x00000000e0000000)
  object space 66048K, 15% used [0x00000000a0000000,0x00000000a09d9db8,0x00000000a4080000)
 Metaspace       used 20708K, capacity 21050K, committed 21296K, reserved 1069056K
  class space    used 2538K, capacity 2621K, committed 2688K, reserved 1048576K
}

Deoptimization events (10 events):
Event: 1.830 Thread 0x000000001ae46000 Uncommon trap: reason=class_check action=maybe_recompile pc=0x0000000005709634 method=kotlin.reflect.jvm.internal.impl.protobuf.CodedInputStream.tryRefillBuffer(I)Z @ 177
Event: 1.834 Thread 0x000000001ae46000 Uncommon trap: reason=unstable_if action=reinterpret pc=0x00000000057328d4 method=kotlin.reflect.jvm.internal.impl.protobuf.CodedInputStream.readRawVarint32()I @ 69
Event: 1.837 Thread 0x000000001ae46000 Uncommon trap: reason=unstable_if action=reinterpret pc=0x00000000056ee200 method=kotlin.reflect.jvm.internal.impl.protobuf.CodedInputStream.readRawVarint32()I @ 69
Event: 1.839 Thread 0x000000001ae46000 Uncommon trap: reason=class_check action=maybe_recompile pc=0x0000000005709634 method=kotlin.reflect.jvm.internal.impl.protobuf.CodedInputStream.tryRefillBuffer(I)Z @ 177
Event: 3.560 Thread 0x000000001ae46000 Uncommon trap: reason=unstable_if action=reinterpret pc=0x0000000005779da8 method=java.util.HashMap.hash(Ljava/lang/Object;)I @ 1
Event: 3.825 Thread 0x000000001ae46000 Uncommon trap: reason=bimorphic action=maybe_recompile pc=0x00000000056d95e8 method=java.io.FilterInputStream.read([B)I @ 5
Event: 3.826 Thread 0x000000001ae46000 Uncommon trap: reason=bimorphic action=maybe_recompile pc=0x00000000056d95e8 method=java.io.FilterInputStream.read([B)I @ 5
Event: 3.826 Thread 0x000000001ae46000 Uncommon trap: reason=bimorphic action=maybe_recompile pc=0x00000000056d95e8 method=java.io.FilterInputStream.read([B)I @ 5
Event: 3.829 Thread 0x000000001ae46000 Uncommon trap: reason=bimorphic action=maybe_recompile pc=0x00000000056d95e8 method=java.io.FilterInputStream.read([B)I @ 5
Event: 3.952 Thread 0x000000001ae46000 Uncommon trap: reason=range_check action=make_not_entrant pc=0x00000000057aa420 method=sun.reflect.generics.parser.SignatureParser.current()C @ 34

Classes redefined (0 events):
No events

Internal exceptions (10 events):
Event: 1.058 Thread 0x000000001ae46000 Exception <a 'java/lang/NoSuchMethodError': <clinit>> (0x00000000e0491e08) thrown at [D:\src\AOSP-openjdk-cygwin\jdk8u\hotspot\src\share\vm\prims\jni.cpp, line 1613]
Event: 1.154 Thread 0x000000001ae46000 Exception <a 'java/lang/NoSuchMethodError': <clinit>> (0x00000000e056ddc0) thrown at [D:\src\AOSP-openjdk-cygwin\jdk8u\hotspot\src\share\vm\prims\jni.cpp, line 1613]
Event: 1.909 Thread 0x000000001ae46000 Exception <a 'java/lang/ArrayIndexOutOfBoundsException'> (0x00000000e1701e68) thrown at [D:\src\AOSP-openjdk-cygwin\jdk8u\hotspot\src\share\vm\runtime\sharedRuntime.cpp, line 605]
Event: 2.961 Thread 0x000000001ae46000 Exception <a 'sun/nio/fs/WindowsException'> (0x00000000e08d7a30) thrown at [D:\src\AOSP-openjdk-cygwin\jdk8u\hotspot\src\share\vm\prims\jni.cpp, line 709]
Event: 2.962 Thread 0x000000001ae46000 Exception <a 'java/lang/reflect/InvocationTargetException'> (0x00000000e08d85f0) thrown at [D:\src\AOSP-openjdk-cygwin\jdk8u\hotspot\src\share\vm\runtime\reflection.cpp, line 1092]
Event: 3.560 Thread 0x000000001ae46000 Implicit null exception at 0x0000000005779d2f to 0x0000000005779d99
Event: 3.646 Thread 0x000000001ae46000 Exception <a 'java/lang/NoSuchMethodError': java.lang.Object.lambda$comparing$77a9974f$1(Ljava/util/function/Function;Ljava/lang/Object;Ljava/lang/Object;)I> (0x00000000e13e4328) thrown at [D:\src\AOSP-openjdk-cygwin\jdk8u\hotspot\src\share\vm\interpreter
Event: 3.953 Thread 0x000000001ae46000 Exception <a 'java/lang/ArrayIndexOutOfBoundsException': 60> (0x00000000e02a3098) thrown at [D:\src\AOSP-openjdk-cygwin\jdk8u\hotspot\src\share\vm\interpreter\interpreterRuntime.cpp, line 366]
Event: 4.239 Thread 0x000000001ae46000 Exception <a 'java/lang/NoSuchMethodError': java.lang.Object.lambda$static$0(I)[Lorg/jetbrains/kotlin/com/intellij/openapi/editor/event/DocumentListener;> (0x00000000e0a45320) thrown at [D:\src\AOSP-openjdk-cygwin\jdk8u\hotspot\src\share\vm\interpreter\li
Event: 4.324 Thread 0x000000001ae46000 Exception <a 'java/lang/NoSuchMethodError': java.lang.Object.lambda$static$0(I)[Lorg/jetbrains/kotlin/com/intellij/psi/PsiAnnotation;> (0x00000000e0c02238) thrown at [D:\src\AOSP-openjdk-cygwin\jdk8u\hotspot\src\share\vm\interpreter\linkResolver.cpp, line

Events (10 events):
Event: 4.606 loading class org/jetbrains/kotlin/com/intellij/openapi/util/io/FileSystemUtil$FallbackMediatorImpl
Event: 4.606 loading class org/jetbrains/kotlin/com/intellij/openapi/util/io/FileSystemUtil$FallbackMediatorImpl done
Event: 4.619 loading class java/time/Instant
Event: 4.619 loading class java/time/temporal/Temporal
Event: 4.620 loading class java/time/temporal/TemporalAccessor
Event: 4.620 loading class java/time/temporal/TemporalAccessor done
Event: 4.620 loading class java/time/temporal/Temporal done
Event: 4.620 loading class java/time/temporal/TemporalAdjuster
Event: 4.620 loading class java/time/temporal/TemporalAdjuster done
Event: 4.620 loading class java/time/Instant done


Dynamic libraries:
0x00007ff788ba0000 - 0x00007ff788bd1000 	C:\Program Files\Android\Android Studio\jre\jre\bin\java.exe
0x00007ffab2630000 - 0x00007ffab2810000 	C:\WINDOWS\SYSTEM32\ntdll.dll
0x00007ffaaffb0000 - 0x00007ffab005e000 	C:\WINDOWS\System32\KERNEL32.DLL
0x00007ffaaf180000 - 0x00007ffaaf3e6000 	C:\WINDOWS\System32\KERNELBASE.dll
0x00007ffab02b0000 - 0x00007ffab0351000 	C:\WINDOWS\System32\ADVAPI32.dll
0x00007ffab0410000 - 0x00007ffab04ad000 	C:\WINDOWS\System32\msvcrt.dll
0x00007ffab2580000 - 0x00007ffab25db000 	C:\WINDOWS\System32\sechost.dll
0x00007ffab2460000 - 0x00007ffab257f000 	C:\WINDOWS\System32\RPCRT4.dll
0x00007ffab22d0000 - 0x00007ffab245f000 	C:\WINDOWS\System32\USER32.dll
0x00007ffaaf4a0000 - 0x00007ffaaf4c0000 	C:\WINDOWS\System32\win32u.dll
0x00007ffab0360000 - 0x00007ffab0388000 	C:\WINDOWS\System32\GDI32.dll
0x00007ffaaf6e0000 - 0x00007ffaaf873000 	C:\WINDOWS\System32\gdi32full.dll
0x00007ffaaf5c0000 - 0x00007ffaaf65b000 	C:\WINDOWS\System32\msvcp_win.dll
0x00007ffaaf4c0000 - 0x00007ffaaf5b6000 	C:\WINDOWS\System32\ucrtbase.dll
0x00007ffa9d580000 - 0x00007ffa9d7e9000 	C:\WINDOWS\WinSxS\amd64_microsoft.windows.common-controls_6595b64144ccf1df_6.0.16299.309_none_15cfd4c4935e6b11\COMCTL32.dll
0x00007ffab0a70000 - 0x00007ffab0d78000 	C:\WINDOWS\System32\combase.dll
0x00007ffaaf660000 - 0x00007ffaaf6d2000 	C:\WINDOWS\System32\bcryptPrimitives.dll
0x00007ffaafb00000 - 0x00007ffaafb2d000 	C:\WINDOWS\System32\IMM32.DLL
0x0000000054ac0000 - 0x0000000054b92000 	C:\Program Files\Android\Android Studio\jre\jre\bin\msvcr100.dll
0x0000000054ba0000 - 0x00000000553de000 	C:\Program Files\Android\Android Studio\jre\jre\bin\server\jvm.dll
0x00007ffaafb40000 - 0x00007ffaafb48000 	C:\WINDOWS\System32\PSAPI.DLL
0x00007ffaab770000 - 0x00007ffaab793000 	C:\WINDOWS\SYSTEM32\WINMM.dll
0x00007ffaa08b0000 - 0x00007ffaa08ba000 	C:\WINDOWS\SYSTEM32\VERSION.dll
0x00007ffaab690000 - 0x00007ffaab6ba000 	C:\WINDOWS\SYSTEM32\WINMMBASE.dll
0x00007ffaafab0000 - 0x00007ffaafafa000 	C:\WINDOWS\System32\cfgmgr32.dll
0x00007ffaaccf0000 - 0x00007ffaaccf9000 	C:\WINDOWS\SYSTEM32\WSOCK32.dll
0x00007ffaafee0000 - 0x00007ffaaff4c000 	C:\WINDOWS\System32\WS2_32.dll
0x00007ffaaccb0000 - 0x00007ffaaccbf000 	C:\Program Files\Android\Android Studio\jre\jre\bin\verify.dll
0x00007ffaa9b30000 - 0x00007ffaa9b59000 	C:\Program Files\Android\Android Studio\jre\jre\bin\java.dll
0x00007ffaa9b80000 - 0x00007ffaa9b96000 	C:\Program Files\Android\Android Studio\jre\jre\bin\zip.dll
0x00007ffab0e90000 - 0x00007ffab22c6000 	C:\WINDOWS\System32\SHELL32.dll
0x00007ffaafc90000 - 0x00007ffaafd36000 	C:\WINDOWS\System32\shcore.dll
0x00007ffaaea30000 - 0x00007ffaaf177000 	C:\WINDOWS\System32\windows.storage.dll
0x00007ffaaff50000 - 0x00007ffaaffa1000 	C:\WINDOWS\System32\shlwapi.dll
0x00007ffaaea10000 - 0x00007ffaaea21000 	C:\WINDOWS\System32\kernel.appcore.dll
0x00007ffaae980000 - 0x00007ffaae9cc000 	C:\WINDOWS\System32\powrprof.dll
0x00007ffaae9d0000 - 0x00007ffaae9eb000 	C:\WINDOWS\System32\profapi.dll
0x00007ffaacca0000 - 0x00007ffaaccad000 	C:\Program Files\Android\Android Studio\jre\jre\bin\management.dll
0x00007ffaa5980000 - 0x00007ffaa599a000 	C:\Program Files\Android\Android Studio\jre\jre\bin\net.dll
0x00007ffaae210000 - 0x00007ffaae276000 	C:\WINDOWS\system32\mswsock.dll
0x00007ffaa58f0000 - 0x00007ffaa5901000 	C:\Program Files\Android\Android Studio\jre\jre\bin\nio.dll
0x00007ffaae3e0000 - 0x00007ffaae3f7000 	C:\WINDOWS\SYSTEM32\CRYPTSP.dll
0x00007ffaade10000 - 0x00007ffaade43000 	C:\WINDOWS\system32\rsaenh.dll
0x00007ffaae4e0000 - 0x00007ffaae505000 	C:\WINDOWS\SYSTEM32\bcrypt.dll
0x00007ffaae8b0000 - 0x00007ffaae8d9000 	C:\WINDOWS\SYSTEM32\USERENV.dll
0x00007ffaae3d0000 - 0x00007ffaae3db000 	C:\WINDOWS\SYSTEM32\CRYPTBASE.dll
0x00007ffaadfa0000 - 0x00007ffaadfd9000 	C:\WINDOWS\SYSTEM32\IPHLPAPI.DLL
0x00007ffaafb30000 - 0x00007ffaafb38000 	C:\WINDOWS\System32\NSI.dll
0x00007ffaa8b20000 - 0x00007ffaa8b36000 	C:\WINDOWS\SYSTEM32\dhcpcsvc6.DLL
0x00007ffaa8d70000 - 0x00007ffaa8d8a000 	C:\WINDOWS\SYSTEM32\dhcpcsvc.DLL

VM Arguments:
jvm_args: -Djava.awt.headless=true -Djava.rmi.server.hostname=localhost -Xmx1536m -Dkotlin.environment.keepalive 
java_command: org.jetbrains.kotlin.daemon.KotlinCompileDaemon --daemon-runFilesPath C:\Users\Administrator\AppData\Local\kotlin\daemon --daemon-autoshutdownIdleSeconds=7200 --daemon-compilerClasspath C:\Users\Administrator\.gradle\caches\jars-3\f58e399bf7514751475f325920291a60\kotlin-compiler-embeddable-1.1.51.jar;C:\Program Files\Android\Android Studio\jre\lib\tools.jar
java_class_path (initial): C:\Users\Administrator\.gradle\caches\jars-3\f58e399bf7514751475f325920291a60\kotlin-compiler-embeddable-1.1.51.jar;C:\Program Files\Android\Android Studio\jre\lib\tools.jar
Launcher Type: SUN_STANDARD

Environment Variables:
JAVA_HOME=C:\Program Files\Java\jdk1.8.0_144
CLASSPATH=.;C:\Program Files\Java\jdk1.8.0_144\lib\dt.jar;C:\Program Files\Java\jdk1.8.0_144\lib\tools.jar;
PATH=C:\ProgramData\Oracle\Java\javapath;C:\WINDOWS\system32;C:\WINDOWS;C:\WINDOWS\System32\Wbem;C:\WINDOWS\System32\WindowsPowerShell\v1.0\;C:\Program Files\nodejs\;C:\Program Files\Microsoft SQL Server\110\Tools\Binn\;C:\Program Files\Java\jdk1.8.0_144\bin;C:\Program Files\Java\jdk1.8.0_144\jre\bin;C:\Program Files\Git\cmd;C:\Program Files\PuTTY\;F:\adt-bundle-windows-x86_64-20140702\sdk\platform-tools\;C:\Python27;D:\apache-maven-3.5.0\bin;C:\Program Files\CMake\bin;F:\hadoop-2.6.0\bin;C:\Program Files\PuTTY;C:\Program Files (x86)\MySQL\MySQL Server 5.5\bin;C:\Users\Administrator\.gradle\wrapper\dists\gradle-2.8-all\ah86jmo43de9lfa8xg9ux3c4h\gradle-2.8\bin;F:\Program Files (x86)\cmder_mini;C:\Program Files\TortoiseSVN\bin;C:\Users\Administrator\AppData\Roaming\npm;C:\Users\Administrator\AppData\Local\GitHubDesktop\bin;C:\Program Files\Microsoft VS Code\bin;C:\Users\Administrator\AppData\Local\Programs\Fiddler;C:\Program Files\Bandizip\;C:\Users\Administrator\AppData\Local\Microsoft\WindowsApps;;C:\Program Files (x86)\Egret\Egret Wing 3\bin
USERNAME=reoger
OS=Windows_NT
PROCESSOR_IDENTIFIER=Intel64 Family 6 Model 60 Stepping 3, GenuineIntel



---------------  S Y S T E M  ---------------

OS: Windows 10.0 , 64 bit Build 16299 (10.0.16299.15)

CPU:total 4 (initial active 4) (2 cores per cpu, 2 threads per core) family 6 model 60 stepping 3, cmov, cx8, fxsr, mmx, sse, sse2, sse3, ssse3, sse4.1, sse4.2, popcnt, avx, avx2, aes, clmul, erms, lzcnt, ht, tsc, tscinvbit, bmi1, bmi2

Memory: 4k page, physical 8264608k(1804312k free), swap 22701760k(3928k free)

vm_info: OpenJDK 64-Bit Server VM (25.152-b01) for windows-amd64 JRE (1.8.0_152-release-915-b01), built by "builder" with MS VC++ 10.0 (VS2010)

time: Sat Apr 07 13:23:57 2018
elapsed time: 4 seconds (0d 0h 0m 4s)

